test.py[LINE:22]# INFO     [2020-05-06 22:04:33,883]  Открываем страницу по ссылке  "https://dns-shop.ru/ "
test.py[LINE:22]# INFO     [2020-05-06 22:04:35,754]  Осуществлен переход на страницу "DNS – интернет магазин цифровой и бытовой техники по доступным ценам."
test.py[LINE:22]# INFO     [2020-05-06 22:04:38,132]  Осуществлен переход на страницу "Комплектующие, компьютеры и ноутбуки: купить в интернет магазине DNS. Комплектующие, компьютеры и ноутбуки: цены, большой каталог, новинки"
test.py[LINE:22]# INFO     [2020-05-06 22:04:39,557]  Осуществлен переход на страницу "Компьютеры, ноутбуки и ПО: купить в интернет магазине DNS. Компьютеры, ноутбуки и ПО: цены, большой каталог, новинки"
test.py[LINE:22]# INFO     [2020-05-06 22:04:41,434]  Осуществлен переход на страницу "Системные блоки: купить в интернет магазине DNS. Системные блоки: цены, большой каталог, новинки"
test.py[LINE:22]# INFO     [2020-05-06 22:04:44,255]  Выбран способ сортировки 
По убыванию цены

test.py[LINE:22]# INFO     [2020-05-06 22:04:44,255]  Открываем продукт под индексом 1
test.py[LINE:22]# INFO     [2020-05-06 22:04:45,800]  Осуществлен переход на страницу "Купить ПК HP OMEN X 900-200ur [2PV29EA] в интернет магазине DNS. Характеристики, цена HP OMEN X 900-200ur | 1192171"
test.py[LINE:22]# INFO     [2020-05-06 22:04:45,800]  Открываем все характеристики продукта
test.py[LINE:22]# INFO     [2020-05-06 22:04:46,815]  Собираем параметры продукта...
test.py[LINE:22]# INFO     [2020-05-06 22:04:50,217]  Создан словарь параметров продукта: {'Название': 'Характеристики ПК HP OMEN X 900-200ur [2PV29EA]', 'Цена': '279 999', 'Срок гарантии': '12 мес.', 'ОС': ' Windows 10 Домашняя ', 'Модель процессора': ' Core i9 7920X ', 'Количество ядер': ' 12 ', 'Тактовая честота': ' 2900 МГц ', 'Модель дискретной видеокарты': ' 2x GeForce GTX 1080 Ti ', 'Объем видеопамяти': ' 2 х 11264 Мб ', 'Размер оперативной памяти': ' 64 ГБ ', 'Тип оперативной памяти': ' DDR4 ', 'Объем дисков HDD': ' 9 ТБ ', 'Объем дисков SSD': ' 512 ГБ '}
test.py[LINE:22]# INFO     [2020-05-06 22:04:50,217]  Открываем страницу по ссылке  "https://dns-shop.ru/ "
test.py[LINE:22]# INFO     [2020-05-06 22:04:51,058]  Осуществлен переход на страницу "DNS – интернет магазин цифровой и бытовой техники по доступным ценам."
test.py[LINE:22]# INFO     [2020-05-06 22:04:53,476]  Осуществлен переход на страницу "Комплектующие, компьютеры и ноутбуки: купить в интернет магазине DNS. Комплектующие, компьютеры и ноутбуки: цены, большой каталог, новинки"
test.py[LINE:22]# INFO     [2020-05-06 22:04:54,373]  Осуществлен переход на страницу "Компьютеры, ноутбуки и ПО: купить в интернет магазине DNS. Компьютеры, ноутбуки и ПО: цены, большой каталог, новинки"
test.py[LINE:22]# INFO     [2020-05-06 22:04:55,743]  Осуществлен переход на страницу "Системные блоки: купить в интернет магазине DNS. Системные блоки: цены, большой каталог, новинки"
test.py[LINE:22]# INFO     [2020-05-06 22:04:56,851]  Выбран способ сортировки 
По возрастанию цены

test.py[LINE:22]# INFO     [2020-05-06 22:04:56,851]  Кликаем по кнопке перехода на последнюю страницу
test.py[LINE:22]# INFO     [2020-05-06 22:04:59,322]  Открываем продукт под индексом 1 с конца
test.py[LINE:22]# INFO     [2020-05-06 22:05:00,874]  Осуществлен переход на страницу "Купить ПК HP OMEN X 900-200ur [2PV29EA] в интернет магазине DNS. Характеристики, цена HP OMEN X 900-200ur | 1192171"
test.py[LINE:22]# INFO     [2020-05-06 22:05:00,874]  Открываем все характеристики продукта
test.py[LINE:22]# INFO     [2020-05-06 22:05:05,669]  Собираем параметры продукта...
test.py[LINE:22]# INFO     [2020-05-06 22:05:07,253]  Создан словарь параметров продукта: {'Название': 'Характеристики ПК HP OMEN X 900-200ur [2PV29EA]', 'Цена': '279 999', 'Срок гарантии': '12 мес.', 'ОС': ' Windows 10 Домашняя ', 'Модель процессора': ' Core i9 7920X ', 'Количество ядер': ' 12 ', 'Тактовая честота': ' 2900 МГц ', 'Модель дискретной видеокарты': ' 2x GeForce GTX 1080 Ti ', 'Объем видеопамяти': ' 2 х 11264 Мб ', 'Размер оперативной памяти': ' 64 ГБ ', 'Тип оперативной памяти': ' DDR4 ', 'Объем дисков HDD': ' 9 ТБ ', 'Объем дисков SSD': ' 512 ГБ '}
test.py[LINE:22]# INFO     [2020-05-06 22:05:07,254]  Сравниваем характеристики продуктов
test.py[LINE:22]# INFO     [2020-05-06 22:05:07,254]  Сравнение прошло успешно
